Arguments: 
  /usr/bin/node /usr/bin/yarn add --save-dev vite

PATH: 
  /home/fujitime/.pyenv/shims:/home/fujitime/.pyenv/bin:/usr/local/sbin:/usr/local/bin:/usr/sbin:/usr/bin:/sbin:/bin:/usr/games:/usr/local/games:/snap/bin

Yarn version: 
  1.22.19

Node version: 
  18.17.0

Platform: 
  linux x64

Trace: 
  SyntaxError: /home/fujitime/code/belajar-vite/package.json: Unexpected token } in JSON at position 248
      at JSON.parse (<anonymous>)
      at /usr/lib/node_modules/yarn/lib/cli.js:1629:59
      at Generator.next (<anonymous>)
      at step (/usr/lib/node_modules/yarn/lib/cli.js:310:30)
      at /usr/lib/node_modules/yarn/lib/cli.js:321:13

npm manifest: 
  {
    "name": "belajar-vite",
    "version": "1.0.0",
    "description": "Belajar Vite",
    "main": "index.js",
    "scripts": {
      "test": "echo \"Error: no test specified\" && exit 1"
    },
    "author": "Fujitime",
    "license": "ISC",
    "type" : "module",
  }

yarn manifest: 
  No manifest

Lockfile: 
  No lockfile
